2023-12-14 19:30:42.847754 > testing 1 2 3
2023-12-14 19:30:44.485663 > testing 1 2 3
2023-12-14 19:30:45.735030 > testing 1 2 3
[2023-12-14 19:31:27.830643] testing 1 2 3
[2023-12-14 19:31:34.576970] testing 1 2 3
[2023-12-14 19:37:41.677407] Book date: 20231216
[2023-12-14 19:37:41.685486] Added date 20231216
[2023-12-14 19:37:41.689488] Process completed
[2023-12-14 19:38:59.193583] Book date: 20231216
[2023-12-14 19:38:59.205737] Added date 20231216
[2023-12-14 19:38:59.209735] Nothing to check with whoosh
[2023-12-14 19:38:59.213734] Process completed
[2023-12-14 19:39:37.802968] Process started
[2023-12-14 19:39:37.811970] Book date: 20231216
[2023-12-14 19:39:37.822038] Added date 20231216
[2023-12-14 19:39:37.825033] Nothing to check with whoosh
[2023-12-14 19:39:37.829112] Process completed
[2023-12-14 19:40:44.398906] Process started
[2023-12-14 19:40:44.408906] Book date: 20231216
[2023-12-14 19:40:44.418908] Nothing to check with whoosh
[2023-12-14 19:40:44.422905] Process completed
[2023-12-14 19:40:58.687002] Process started
[2023-12-14 19:40:58.697095] Book date: 20231216
[2023-12-14 19:40:58.760400] Monitored date 20231216
[2023-12-14 19:41:00.146706] Train schedule 20231216 is available
[2023-12-14 19:41:01.050899] Bot response = {'sentMessages': [{'id': '486056007869923603', 'quoteToken': 'MYFc90T9u1RsAr_BwGonOdzJ-qDIdXpdreTha5ZzrwdkbbThHdA-HzG2K81l1nY8LYCBl-KHzfuVGEKJkzpVSwp7rmIo9_6mBUE9pQmV8tm6-NXHpx7mtqrl8PicUknx2qs-a7jtdM8huDXkS3vzGQ'}]}
[2023-12-14 19:41:01.069900] Nothing to check with whoosh
[2023-12-14 19:41:01.072901] Process completed
[2023-12-14 19:41:42.420987] Process started
[2023-12-14 19:41:42.431058] Book date: 20231216
[2023-12-14 19:41:42.439250] Nothing to check with whoosh
[2023-12-14 19:41:42.443323] Process completed
[2023-12-14 19:48:24.528128] Process started
[2023-12-14 19:48:24.538310] Book date: 20231216
[2023-12-14 19:48:24.549481] Nothing to check with whoosh
[2023-12-14 19:48:24.553485] Process completed
[2023-12-14 19:48:58.736733] Process started
[2023-12-14 19:48:58.746804] Book date: 20231216
[2023-12-14 19:48:58.758803] Nothing to check with whoosh
[2023-12-14 19:48:58.761886] Process completed
[2023-12-14 19:49:12.339757] Process started
[2023-12-14 19:49:12.347915] Book date: 20231216
[2023-12-14 19:49:12.406334] Monitored date 20231216
[2023-12-14 19:49:12.410332] Today is a checking day ...
[2023-12-14 19:49:13.664301] Train schedule 20231216 is available
[2023-12-14 19:49:14.155472] Bot response = {'sentMessages': [{'id': '486056835221291026', 'quoteToken': 'YgGgr7Hv7Zb2zMjFhbrYWHYNXcKw23-lA0sEkRCCuPezfjwgaOPijhreeA2dVYL6n1-iKlF033-b3VeiAX3KT-C9dO79vrKBdN5XcmJtHYNkGr0pCM9Od86eqIajZEWVtZTCmLhqV-XHNStSNxhzmA'}]}
[2023-12-14 19:49:14.174561] Nothing to check with whoosh
[2023-12-14 19:49:14.177556] Process completed
[2023-12-14 19:52:08.131834] Process started
[2023-12-14 19:52:08.141834] Book date: 20231216
[2023-12-14 19:52:08.200831] Monitored date 20231216
[2023-12-14 19:52:08.204830] Today is a checking day ...
[2023-12-14 19:52:08.700162] Train schedule 20231216 is available
[2023-12-14 19:52:09.208149] Bot response = {'sentMessages': [{'id': '486057128889680017', 'quoteToken': '4cRT0C0_8Oje0H1l2RlDdpkAy4Lpjh_mfLDnM4MKsLDHR58RZGyw4j_T3jhvY63E-Bjmu8xCVkcS8-hbVEb_J-_N0msluK7sXqkTSr9Ck7U1nwwE38s9WndPHoz0r2uvV8okNH6bGRim6oTcRiD_EQ'}]}
[2023-12-14 19:52:39.230046] Nothing to check with whoosh
[2023-12-14 19:52:39.234061] Process completed
[2023-12-14 19:53:03.984262] Process started
[2023-12-14 19:53:03.995423] Book date: 20231216
[2023-12-14 19:53:04.003423] Nothing to check with whoosh
[2023-12-14 19:53:04.007548] ============= Process completed =============
[2023-12-14 19:53:09.956712] Process started
[2023-12-14 19:53:09.965708] Book date: 20231216
[2023-12-14 19:53:09.974713] Nothing to check with whoosh
[2023-12-14 19:53:09.978711] ============= Process completed =============
